d:\3dgame\myvulkan\myvulkan\debug\vc141.pdb
d:\3dgame\myvulkan\myvulkan\debug\vc141.idb
d:\3dgame\myvulkan\myvulkan\debug\vulkan.obj
d:\3dgame\myvulkan\myvulkan\debug\vk_entitymanager.obj
d:\3dgame\myvulkan\myvulkan\debug\vk_camera.obj
d:\3dgame\myvulkan\myvulkan\debug\ubomanager.obj
d:\3dgame\myvulkan\myvulkan\debug\playercpp.obj
d:\3dgame\myvulkan\myvulkan\debug\bard.obj
d:\3dgame\myvulkan\myvulkan\debug\particles.obj
d:\3dgame\myvulkan\myvulkan\debug\sound.obj
d:\3dgame\myvulkan\myvulkan\myvulkan.exe
d:\3dgame\myvulkan\myvulkan\myvulkan.ilk
d:\3dgame\myvulkan\myvulkan\myvulkan.pdb
d:\3dgame\myvulkan\myvulkan\debug\myvulkan.tlog\cl.command.1.tlog
d:\3dgame\myvulkan\myvulkan\debug\myvulkan.tlog\cl.read.1.tlog
d:\3dgame\myvulkan\myvulkan\debug\myvulkan.tlog\cl.write.1.tlog
d:\3dgame\myvulkan\myvulkan\debug\myvulkan.tlog\link.21748-cvtres.read.1.tlog
d:\3dgame\myvulkan\myvulkan\debug\myvulkan.tlog\link.21748-cvtres.write.1.tlog
d:\3dgame\myvulkan\myvulkan\debug\myvulkan.tlog\link.21748-rc.read.1.tlog
d:\3dgame\myvulkan\myvulkan\debug\myvulkan.tlog\link.21748-rc.write.1.tlog
d:\3dgame\myvulkan\myvulkan\debug\myvulkan.tlog\link.21748.read.1.tlog
d:\3dgame\myvulkan\myvulkan\debug\myvulkan.tlog\link.21748.write.1.tlog
d:\3dgame\myvulkan\myvulkan\debug\myvulkan.tlog\link.command.1.tlog
d:\3dgame\myvulkan\myvulkan\debug\myvulkan.tlog\link.read.1.tlog
d:\3dgame\myvulkan\myvulkan\debug\myvulkan.tlog\link.write.1.tlog
